<testsuites id="" name="" tests="2" failures="0" skipped="0" errors="0" time="45.201765">
<testsuite name="user-journey.spec.ts" timestamp="2025-09-04T03:17:17.750Z" hostname="chromium" tests="2" failures="0" skipped="0" time="55.613" errors="0">
<testcase name="Complete User Journey › complete user workflow from landing to task completion" classname="user-journey.spec.ts" time="43.781">
</testcase>
<testcase name="Complete User Journey › handles complete workflow with WebSocket updates" classname="user-journey.spec.ts" time="11.832">
</testcase>
</testsuite>
</testsuites>